<?xml version="1.0" encoding="UTF-8"?>
<!-- Generated by org.testng.reporters.JUnitXMLReporter -->
<testsuite ignored="0" hostname="Ayush" failures="0" tests="22" name="All Functional Tests" time="229.569" errors="0" timestamp="2025-11-03T12:37:21 IST">
  <testcase classname="LoginTests" name="testValidLogin" time="3.127"/>
  <testcase classname="LoginTests" name="testInvalidLogin" time="2.32"/>
  <testcase classname="LoginTests" name="testEmptyCredentialsLogin" time="1.62"/>
  <testcase classname="EmployeeProfileTests" name="testProfileImageUpload" time="10.578"/>
  <testcase classname="EmployeeProfileTests" name="testMyInfoPageLoad" time="9.418"/>
  <testcase classname="WindowAndDownloadTests" name="testMultipleWindowHandling" time="11.709"/>
  <testcase classname="WindowAndDownloadTests" name="testFileDownload" time="19.545"/>
  <testcase classname="WindowAndDownloadTests" name="testTabSwitching" time="6.397"/>
  <testcase classname="DataDrivenLoginTests" name="testValidLoginWithDataProvider" time="2.158"/>
  <testcase classname="DataDrivenLoginTests" name="testInvalidLoginWithDataProvider" time="2.282"/>
  <testcase classname="DataDrivenLoginTests" name="testInvalidLoginWithDataProvider" time="2.6"/>
  <testcase classname="DataDrivenLoginTests" name="testInvalidLoginWithDataProvider" time="11.916"/>
  <testcase classname="DataDrivenLoginTests" name="testInvalidLoginWithDataProvider" time="11.965"/>
  <testcase classname="DataDrivenLoginTests" name="testInvalidLoginWithDataProvider" time="12.489"/>
  <testcase classname="DataDrivenLoginTests" name="testInvalidLoginWithDataProvider" time="2.565"/>
  <testcase classname="DataDrivenLoginTests" name="testLoginWithVariousScenarios" time="3.234"/>
  <testcase classname="DataDrivenLoginTests" name="testLoginWithVariousScenarios" time="2.742"/>
  <testcase classname="DataDrivenLoginTests" name="testLoginWithVariousScenarios" time="2.734"/>
  <testcase classname="DataDrivenLoginTests" name="testLoginWithVariousScenarios" time="2.741"/>
  <testcase classname="DataDrivenLoginTests" name="testLoginWithVariousScenarios" time="3.16"/>
  <testcase classname="DataDrivenLoginTests" name="testLoginWithCaseVariations" time="22.495"/>
  <testcase classname="DataDrivenLoginTests" name="testLoginWithSpecialCharacters" time="9.154"/>
</testsuite> <!-- All Functional Tests -->
