<?xml version="1.0" encoding="UTF-8"?>
<!-- Generated by org.testng.reporters.JUnitXMLReporter -->
<testsuite ignored="0" hostname="Ayush" failures="0" tests="3" name="Surefire test" time="21.759" errors="0" timestamp="2025-11-03T12:06:53 IST">
  <testcase classname="LoginTests" name="testValidLogin" time="2.665"/>
  <testcase classname="LoginTests" name="testInvalidLogin" time="2.268"/>
  <testcase classname="LoginTests" name="testEmptyCredentialsLogin" time="1.627"/>
</testsuite> <!-- Surefire test -->
