<?xml version="1.0" encoding="UTF-8"?>
<!-- Generated by org.testng.reporters.JUnitXMLReporter -->
<testsuite ignored="0" hostname="Ayush" failures="0" tests="14" name="Surefire test" time="147.775" errors="0" timestamp="2025-11-03T12:28:12 IST">
  <testcase classname="DataDrivenLoginTests" name="testValidLoginWithDataProvider" time="2.118"/>
  <testcase classname="DataDrivenLoginTests" name="testInvalidLoginWithDataProvider" time="2.285"/>
  <testcase classname="DataDrivenLoginTests" name="testInvalidLoginWithDataProvider" time="2.618"/>
  <testcase classname="DataDrivenLoginTests" name="testInvalidLoginWithDataProvider" time="11.944"/>
  <testcase classname="DataDrivenLoginTests" name="testInvalidLoginWithDataProvider" time="11.972"/>
  <testcase classname="DataDrivenLoginTests" name="testInvalidLoginWithDataProvider" time="11.987"/>
  <testcase classname="DataDrivenLoginTests" name="testInvalidLoginWithDataProvider" time="2.573"/>
  <testcase classname="DataDrivenLoginTests" name="testLoginWithVariousScenarios" time="3.246"/>
  <testcase classname="DataDrivenLoginTests" name="testLoginWithVariousScenarios" time="2.749"/>
  <testcase classname="DataDrivenLoginTests" name="testLoginWithVariousScenarios" time="2.733"/>
  <testcase classname="DataDrivenLoginTests" name="testLoginWithVariousScenarios" time="2.736"/>
  <testcase classname="DataDrivenLoginTests" name="testLoginWithVariousScenarios" time="2.637"/>
  <testcase classname="DataDrivenLoginTests" name="testLoginWithCaseVariations" time="22.097"/>
  <testcase classname="DataDrivenLoginTests" name="testLoginWithSpecialCharacters" time="9.185"/>
</testsuite> <!-- Surefire test -->
