<?xml version="1.0" encoding="UTF-8"?>
<testsuite xmlns:xsi="http://www.w3.org/2001/XMLSchema-instance" xsi:noNamespaceSchemaLocation="https://maven.apache.org/surefire/maven-surefire-plugin/xsd/surefire-test-report-3.0.xsd" version="3.0" name="DataDrivenLoginTests" time="148.081" tests="14" errors="0" skipped="0" failures="0">
  <properties>
[...]
</properties>
  <testcase name="testValidLoginWithDataProvider[Admin, admin123](1)" classname="DataDrivenLoginTests" time="2.119">
    <system-out><![CDATA[Testing login with username: Admin
✓ Login successful for user: Admin
]]></system-out>
    <system-err><![CDATA[SLF4J: Failed to load class "org.slf4j.impl.StaticLoggerBinder".
SLF4J: Defaulting to no-operation (NOP) logger implementation
SLF4J: See http://www.slf4j.org/codes.html#StaticLoggerBinder for further details.
Nov 03, 2025 12:25:46 PM org.openqa.selenium.devtools.CdpVersionFinder findNearestMatch
WARNING: Unable to find CDP implementation matching 142
Nov 03, 2025 12:25:46 PM org.openqa.selenium.chromium.ChromiumDriver lambda$new$5
WARNING: Unable to find version of CDP to use for 142.0.7444.59. You may need to include a dependency on a specific version of the CDP using something similar to `org.seleniumhq.selenium:selenium-devtools-v86:4.15.0` where the version ("v86") matches the version of the chromium-based browser you're using and the version number of the artifact is the same as Selenium's.
]]></system-err>
  </testcase>
  <testcase name="testInvalidLoginWithDataProvider[InvalidUser, InvalidPass, Invalid credentials](1)" classname="DataDrivenLoginTests" time="2.286">
    <system-out><![CDATA[Testing invalid login with username: 'InvalidUser', password: 'InvalidPass'
✓ Login correctly failed for user: 'InvalidUser' - Error: Invalid credentials
]]></system-out>
    <system-err><![CDATA[Nov 03, 2025 12:25:52 PM org.openqa.selenium.devtools.CdpVersionFinder findNearestMatch
WARNING: Unable to find CDP implementation matching 142
Nov 03, 2025 12:25:52 PM org.openqa.selenium.chromium.ChromiumDriver lambda$new$5
WARNING: Unable to find version of CDP to use for 142.0.7444.59. You may need to include a dependency on a specific version of the CDP using something similar to `org.seleniumhq.selenium:selenium-devtools-v86:4.15.0` where the version ("v86") matches the version of the chromium-based browser you're using and the version number of the artifact is the same as Selenium's.
]]></system-err>
  </testcase>
  <testcase name="testInvalidLoginWithDataProvider[Admin, wrongPassword, Invalid credentials](2)" classname="DataDrivenLoginTests" time="2.618">
    <system-out><![CDATA[Testing invalid login with username: 'Admin', password: 'wrongPassword'
✓ Login correctly failed for user: 'Admin' - Error: Invalid credentials
]]></system-out>
    <system-err><![CDATA[Nov 03, 2025 12:25:58 PM org.openqa.selenium.devtools.CdpVersionFinder findNearestMatch
WARNING: Unable to find CDP implementation matching 142
Nov 03, 2025 12:25:58 PM org.openqa.selenium.chromium.ChromiumDriver lambda$new$5
WARNING: Unable to find version of CDP to use for 142.0.7444.59. You may need to include a dependency on a specific version of the CDP using something similar to `org.seleniumhq.selenium:selenium-devtools-v86:4.15.0` where the version ("v86") matches the version of the chromium-based browser you're using and the version number of the artifact is the same as Selenium's.
]]></system-err>
  </testcase>
  <testcase name="testInvalidLoginWithDataProvider[, , Required](3)" classname="DataDrivenLoginTests" time="11.944">
    <system-out><![CDATA[Testing invalid login with username: '', password: ''
✓ Login correctly failed for user: '' - Error: Required field validation
]]></system-out>
    <system-err><![CDATA[Nov 03, 2025 12:26:05 PM org.openqa.selenium.devtools.CdpVersionFinder findNearestMatch
WARNING: Unable to find CDP implementation matching 142
Nov 03, 2025 12:26:05 PM org.openqa.selenium.chromium.ChromiumDriver lambda$new$5
WARNING: Unable to find version of CDP to use for 142.0.7444.59. You may need to include a dependency on a specific version of the CDP using something similar to `org.seleniumhq.selenium:selenium-devtools-v86:4.15.0` where the version ("v86") matches the version of the chromium-based browser you're using and the version number of the artifact is the same as Selenium's.
]]></system-err>
  </testcase>
  <testcase name="testInvalidLoginWithDataProvider[Admin, , Required](4)" classname="DataDrivenLoginTests" time="11.972">
    <system-out><![CDATA[Testing invalid login with username: 'Admin', password: ''
✓ Login correctly failed for user: 'Admin' - Error: Required field validation
]]></system-out>
    <system-err><![CDATA[Nov 03, 2025 12:26:21 PM org.openqa.selenium.devtools.CdpVersionFinder findNearestMatch
WARNING: Unable to find CDP implementation matching 142
Nov 03, 2025 12:26:21 PM org.openqa.selenium.chromium.ChromiumDriver lambda$new$5
WARNING: Unable to find version of CDP to use for 142.0.7444.59. You may need to include a dependency on a specific version of the CDP using something similar to `org.seleniumhq.selenium:selenium-devtools-v86:4.15.0` where the version ("v86") matches the version of the chromium-based browser you're using and the version number of the artifact is the same as Selenium's.
]]></system-err>
  </testcase>
  <testcase name="testInvalidLoginWithDataProvider[, admin123, Required](5)" classname="DataDrivenLoginTests" time="11.987">
    <system-out><![CDATA[Testing invalid login with username: '', password: 'admin123'
✓ Login correctly failed for user: '' - Error: Required field validation
]]></system-out>
    <system-err><![CDATA[Nov 03, 2025 12:26:37 PM org.openqa.selenium.devtools.CdpVersionFinder findNearestMatch
WARNING: Unable to find CDP implementation matching 142
Nov 03, 2025 12:26:37 PM org.openqa.selenium.chromium.ChromiumDriver lambda$new$5
WARNING: Unable to find version of CDP to use for 142.0.7444.59. You may need to include a dependency on a specific version of the CDP using something similar to `org.seleniumhq.selenium:selenium-devtools-v86:4.15.0` where the version ("v86") matches the version of the chromium-based browser you're using and the version number of the artifact is the same as Selenium's.
]]></system-err>
  </testcase>
  <testcase name="testInvalidLoginWithDataProvider[Admin, Admin123, Invalid credentials](6)" classname="DataDrivenLoginTests" time="2.573">
    <system-out><![CDATA[Testing invalid login with username: 'Admin', password: 'Admin123'
✓ Login correctly failed for user: 'Admin' - Error: Invalid credentials
]]></system-out>
    <system-err><![CDATA[Nov 03, 2025 12:26:53 PM org.openqa.selenium.devtools.CdpVersionFinder findNearestMatch
WARNING: Unable to find CDP implementation matching 142
Nov 03, 2025 12:26:53 PM org.openqa.selenium.chromium.ChromiumDriver lambda$new$5
WARNING: Unable to find version of CDP to use for 142.0.7444.59. You may need to include a dependency on a specific version of the CDP using something similar to `org.seleniumhq.selenium:selenium-devtools-v86:4.15.0` where the version ("v86") matches the version of the chromium-based browser you're using and the version number of the artifact is the same as Selenium's.
]]></system-err>
  </testcase>
  <testcase name="testLoginWithVariousScenarios[Admin, admin123, success, Valid credentials](1)" classname="DataDrivenLoginTests" time="3.245">
    <system-out><![CDATA[Testing scenario: Valid credentials
  Username: 'Admin', Password: 'admin123'
  ✓ Result: Login successful as expected
]]></system-out>
    <system-err><![CDATA[Nov 03, 2025 12:26:59 PM org.openqa.selenium.devtools.CdpVersionFinder findNearestMatch
WARNING: Unable to find CDP implementation matching 142
Nov 03, 2025 12:26:59 PM org.openqa.selenium.chromium.ChromiumDriver lambda$new$5
WARNING: Unable to find version of CDP to use for 142.0.7444.59. You may need to include a dependency on a specific version of the CDP using something similar to `org.seleniumhq.selenium:selenium-devtools-v86:4.15.0` where the version ("v86") matches the version of the chromium-based browser you're using and the version number of the artifact is the same as Selenium's.
]]></system-err>
  </testcase>
  <testcase name="testLoginWithVariousScenarios[InvalidUser, InvalidPass, failure, Both invalid](2)" classname="DataDrivenLoginTests" time="2.75">
    <system-out><![CDATA[Testing scenario: Both invalid
  Username: 'InvalidUser', Password: 'InvalidPass'
  ✓ Result: Login failed as expected
]]></system-out>
    <system-err><![CDATA[Nov 03, 2025 12:27:06 PM org.openqa.selenium.devtools.CdpVersionFinder findNearestMatch
WARNING: Unable to find CDP implementation matching 142
Nov 03, 2025 12:27:06 PM org.openqa.selenium.chromium.ChromiumDriver lambda$new$5
WARNING: Unable to find version of CDP to use for 142.0.7444.59. You may need to include a dependency on a specific version of the CDP using something similar to `org.seleniumhq.selenium:selenium-devtools-v86:4.15.0` where the version ("v86") matches the version of the chromium-based browser you're using and the version number of the artifact is the same as Selenium's.
]]></system-err>
  </testcase>
  <testcase name="testLoginWithVariousScenarios[Admin, wrongPass, failure, Invalid password](3)" classname="DataDrivenLoginTests" time="2.733">
    <system-out><![CDATA[Testing scenario: Invalid password
  Username: 'Admin', Password: 'wrongPass'
  ✓ Result: Login failed as expected
]]></system-out>
    <system-err><![CDATA[Nov 03, 2025 12:27:13 PM org.openqa.selenium.devtools.CdpVersionFinder findNearestMatch
WARNING: Unable to find CDP implementation matching 142
Nov 03, 2025 12:27:13 PM org.openqa.selenium.chromium.ChromiumDriver lambda$new$5
WARNING: Unable to find version of CDP to use for 142.0.7444.59. You may need to include a dependency on a specific version of the CDP using something similar to `org.seleniumhq.selenium:selenium-devtools-v86:4.15.0` where the version ("v86") matches the version of the chromium-based browser you're using and the version number of the artifact is the same as Selenium's.
]]></system-err>
  </testcase>
  <testcase name="testLoginWithVariousScenarios[wrongUser, admin123, failure, Invalid username](4)" classname="DataDrivenLoginTests" time="2.737">
    <system-out><![CDATA[Testing scenario: Invalid username
  Username: 'wrongUser', Password: 'admin123'
  ✓ Result: Login failed as expected
]]></system-out>
    <system-err><![CDATA[Nov 03, 2025 12:27:20 PM org.openqa.selenium.devtools.CdpVersionFinder findNearestMatch
WARNING: Unable to find CDP implementation matching 142
Nov 03, 2025 12:27:20 PM org.openqa.selenium.chromium.ChromiumDriver lambda$new$5
WARNING: Unable to find version of CDP to use for 142.0.7444.59. You may need to include a dependency on a specific version of the CDP using something similar to `org.seleniumhq.selenium:selenium-devtools-v86:4.15.0` where the version ("v86") matches the version of the chromium-based browser you're using and the version number of the artifact is the same as Selenium's.
]]></system-err>
  </testcase>
  <testcase name="testLoginWithVariousScenarios[, , failure, Empty credentials](5)" classname="DataDrivenLoginTests" time="2.638">
    <system-out><![CDATA[Testing scenario: Empty credentials
  Username: '', Password: ''
  ✓ Result: Login failed as expected
]]></system-out>
    <system-err><![CDATA[Nov 03, 2025 12:27:27 PM org.openqa.selenium.devtools.CdpVersionFinder findNearestMatch
WARNING: Unable to find CDP implementation matching 142
Nov 03, 2025 12:27:27 PM org.openqa.selenium.chromium.ChromiumDriver lambda$new$5
WARNING: Unable to find version of CDP to use for 142.0.7444.59. You may need to include a dependency on a specific version of the CDP using something similar to `org.seleniumhq.selenium:selenium-devtools-v86:4.15.0` where the version ("v86") matches the version of the chromium-based browser you're using and the version number of the artifact is the same as Selenium's.
]]></system-err>
  </testcase>
  <testcase name="testLoginWithCaseVariations" classname="DataDrivenLoginTests" time="22.096">
    <system-out><![CDATA[Testing with username variation: 'admin'
✓ System accepted username: 'admin' (case-insensitive or trimming enabled)
Testing with username variation: 'ADMIN'
✓ System accepted username: 'ADMIN' (case-insensitive or trimming enabled)
Testing with username variation: 'Admin '
✓ System accepted username: 'Admin ' (case-insensitive or trimming enabled)
✓ Case variation tests completed - Accepted: 3, Rejected: 0
]]></system-out>
    <system-err><![CDATA[Nov 03, 2025 12:27:33 PM org.openqa.selenium.devtools.CdpVersionFinder findNearestMatch
WARNING: Unable to find CDP implementation matching 142
Nov 03, 2025 12:27:33 PM org.openqa.selenium.chromium.ChromiumDriver lambda$new$5
WARNING: Unable to find version of CDP to use for 142.0.7444.59. You may need to include a dependency on a specific version of the CDP using something similar to `org.seleniumhq.selenium:selenium-devtools-v86:4.15.0` where the version ("v86") matches the version of the chromium-based browser you're using and the version number of the artifact is the same as Selenium's.
Nov 03, 2025 12:27:37 PM org.openqa.selenium.devtools.CdpVersionFinder findNearestMatch
WARNING: Unable to find CDP implementation matching 142
Nov 03, 2025 12:27:37 PM org.openqa.selenium.chromium.ChromiumDriver lambda$new$5
WARNING: Unable to find version of CDP to use for 142.0.7444.59. You may need to include a dependency on a specific version of the CDP using something similar to `org.seleniumhq.selenium:selenium-devtools-v86:4.15.0` where the version ("v86") matches the version of the chromium-based browser you're using and the version number of the artifact is the same as Selenium's.
Nov 03, 2025 12:27:44 PM org.openqa.selenium.devtools.CdpVersionFinder findNearestMatch
WARNING: Unable to find CDP implementation matching 142
Nov 03, 2025 12:27:44 PM org.openqa.selenium.chromium.ChromiumDriver lambda$new$5
WARNING: Unable to find version of CDP to use for 142.0.7444.59. You may need to include a dependency on a specific version of the CDP using something similar to `org.seleniumhq.selenium:selenium-devtools-v86:4.15.0` where the version ("v86") matches the version of the chromium-based browser you're using and the version number of the artifact is the same as Selenium's.
Nov 03, 2025 12:27:52 PM org.openqa.selenium.devtools.CdpVersionFinder findNearestMatch
WARNING: Unable to find CDP implementation matching 142
Nov 03, 2025 12:27:52 PM org.openqa.selenium.chromium.ChromiumDriver lambda$new$5
WARNING: Unable to find version of CDP to use for 142.0.7444.59. You may need to include a dependency on a specific version of the CDP using something similar to `org.seleniumhq.selenium:selenium-devtools-v86:4.15.0` where the version ("v86") matches the version of the chromium-based browser you're using and the version number of the artifact is the same as Selenium's.
]]></system-err>
  </testcase>
  <testcase name="testLoginWithSpecialCharacters" classname="DataDrivenLoginTests" time="9.185">
    <system-out><![CDATA[Testing with special characters - Username: Admin@123
✓ Special character test passed for: Admin@123
Testing with special characters - Username: User#123
✓ Special character test passed for: User#123
Testing with special characters - Username: admin'OR'1'='1
✓ Special character test passed for: admin'OR'1'='1
✓ All special character login tests completed
]]></system-out>
    <system-err><![CDATA[Nov 03, 2025 12:27:59 PM org.openqa.selenium.devtools.CdpVersionFinder findNearestMatch
WARNING: Unable to find CDP implementation matching 142
Nov 03, 2025 12:27:59 PM org.openqa.selenium.chromium.ChromiumDriver lambda$new$5
WARNING: Unable to find version of CDP to use for 142.0.7444.59. You may need to include a dependency on a specific version of the CDP using something similar to `org.seleniumhq.selenium:selenium-devtools-v86:4.15.0` where the version ("v86") matches the version of the chromium-based browser you're using and the version number of the artifact is the same as Selenium's.
]]></system-err>
  </testcase>
</testsuite>