<?xml version="1.0" encoding="UTF-8"?>
<testng-results ignored="0" total="22" passed="22" failed="0" skipped="0">
  <reporter-output>
  </reporter-output>
  <suite started-at="2025-11-03T12:33:32 IST" name="OrangeHRM Automation Test Suite" finished-at="2025-11-03T12:37:21 IST" duration-ms="229569">
    <groups>
      <group name="Regression">
        <method signature="EmployeeProfileTests.testProfileImageUpload()[pri:1, instance:EmployeeProfileTests@636be97c]" name="testProfileImageUpload" class="EmployeeProfileTests"/>
        <method signature="LoginTests.testValidLogin()[pri:1, instance:LoginTests@10e92f8f]" name="testValidLogin" class="LoginTests"/>
        <method signature="WindowAndDownloadTests.testMultipleWindowHandling()[pri:1, instance:WindowAndDownloadTests@50a638b5]" name="testMultipleWindowHandling" class="WindowAndDownloadTests"/>
        <method signature="DataDrivenLoginTests.testInvalidLoginWithDataProvider(java.lang.String,java.lang.String,java.lang.String)[pri:2, instance:DataDrivenLoginTests@1817d444]" name="testInvalidLoginWithDataProvider" class="DataDrivenLoginTests"/>
        <method signature="EmployeeProfileTests.testMyInfoPageLoad()[pri:2, instance:EmployeeProfileTests@636be97c]" name="testMyInfoPageLoad" class="EmployeeProfileTests"/>
        <method signature="LoginTests.testInvalidLogin()[pri:2, instance:LoginTests@10e92f8f]" name="testInvalidLogin" class="LoginTests"/>
        <method signature="WindowAndDownloadTests.testFileDownload()[pri:2, instance:WindowAndDownloadTests@50a638b5]" name="testFileDownload" class="WindowAndDownloadTests"/>
        <method signature="DataDrivenLoginTests.testLoginWithVariousScenarios(java.lang.String,java.lang.String,java.lang.String,java.lang.String)[pri:3, instance:DataDrivenLoginTests@1817d444]" name="testLoginWithVariousScenarios" class="DataDrivenLoginTests"/>
        <method signature="LoginTests.testEmptyCredentialsLogin()[pri:3, instance:LoginTests@10e92f8f]" name="testEmptyCredentialsLogin" class="LoginTests"/>
        <method signature="WindowAndDownloadTests.testTabSwitching()[pri:3, instance:WindowAndDownloadTests@50a638b5]" name="testTabSwitching" class="WindowAndDownloadTests"/>
      </group> <!-- Regression -->
      <group name="DataDriven">
        <method signature="DataDrivenLoginTests.testValidLoginWithDataProvider(java.lang.String,java.lang.String)[pri:1, instance:DataDrivenLoginTests@1817d444]" name="testValidLoginWithDataProvider" class="DataDrivenLoginTests"/>
        <method signature="DataDrivenLoginTests.testInvalidLoginWithDataProvider(java.lang.String,java.lang.String,java.lang.String)[pri:2, instance:DataDrivenLoginTests@1817d444]" name="testInvalidLoginWithDataProvider" class="DataDrivenLoginTests"/>
        <method signature="DataDrivenLoginTests.testLoginWithVariousScenarios(java.lang.String,java.lang.String,java.lang.String,java.lang.String)[pri:3, instance:DataDrivenLoginTests@1817d444]" name="testLoginWithVariousScenarios" class="DataDrivenLoginTests"/>
        <method signature="DataDrivenLoginTests.testLoginWithCaseVariations()[pri:4, instance:DataDrivenLoginTests@1817d444]" name="testLoginWithCaseVariations" class="DataDrivenLoginTests"/>
        <method signature="DataDrivenLoginTests.testLoginWithSpecialCharacters()[pri:5, instance:DataDrivenLoginTests@1817d444]" name="testLoginWithSpecialCharacters" class="DataDrivenLoginTests"/>
      </group> <!-- DataDriven -->
      <group name="Smoke">
        <method signature="DataDrivenLoginTests.testValidLoginWithDataProvider(java.lang.String,java.lang.String)[pri:1, instance:DataDrivenLoginTests@1817d444]" name="testValidLoginWithDataProvider" class="DataDrivenLoginTests"/>
        <method signature="EmployeeProfileTests.testProfileImageUpload()[pri:1, instance:EmployeeProfileTests@636be97c]" name="testProfileImageUpload" class="EmployeeProfileTests"/>
        <method signature="LoginTests.testValidLogin()[pri:1, instance:LoginTests@10e92f8f]" name="testValidLogin" class="LoginTests"/>
        <method signature="WindowAndDownloadTests.testMultipleWindowHandling()[pri:1, instance:WindowAndDownloadTests@50a638b5]" name="testMultipleWindowHandling" class="WindowAndDownloadTests"/>
      </group> <!-- Smoke -->
    </groups>
    <test started-at="2025-11-03T12:33:32 IST" name="All Functional Tests" finished-at="2025-11-03T12:37:21 IST" duration-ms="229569">
      <class name="DataDrivenLoginTests">
        <test-method is-config="true" signature="setup()[pri:0, instance:DataDrivenLoginTests@1817d444]" started-at="2025-11-03T12:34:52 IST" name="setup" finished-at="2025-11-03T12:34:56 IST" duration-ms="3967" status="PASS">
          <reporter-output>
          </reporter-output>
        </test-method> <!-- setup -->
        <test-method signature="testValidLoginWithDataProvider(java.lang.String,java.lang.String)[pri:1, instance:DataDrivenLoginTests@1817d444]" started-at="2025-11-03T12:34:56 IST" name="testValidLoginWithDataProvider" description="Data-driven test for valid login" data-provider="validLoginData" finished-at="2025-11-03T12:34:59 IST" duration-ms="2158" status="PASS">
          <params>
            <param index="0">
              <value>
                <![CDATA[Admin]]>
              </value>
            </param>
            <param index="1">
              <value>
                <![CDATA[admin123]]>
              </value>
            </param>
          </params>
          <reporter-output>
          </reporter-output>
        </test-method> <!-- testValidLoginWithDataProvider -->
        <test-method is-config="true" signature="teardown()[pri:0, instance:DataDrivenLoginTests@1817d444]" started-at="2025-11-03T12:34:59 IST" name="teardown" finished-at="2025-11-03T12:34:59 IST" duration-ms="73" status="PASS">
          <reporter-output>
          </reporter-output>
        </test-method> <!-- teardown -->
        <test-method is-config="true" signature="setup()[pri:0, instance:DataDrivenLoginTests@1817d444]" started-at="2025-11-03T12:34:59 IST" name="setup" finished-at="2025-11-03T12:35:03 IST" duration-ms="3910" status="PASS">
          <reporter-output>
          </reporter-output>
        </test-method> <!-- setup -->
        <test-method signature="testInvalidLoginWithDataProvider(java.lang.String,java.lang.String,java.lang.String)[pri:2, instance:DataDrivenLoginTests@1817d444]" started-at="2025-11-03T12:35:03 IST" name="testInvalidLoginWithDataProvider" description="Data-driven test for invalid login attempts" data-provider="invalidLoginData" finished-at="2025-11-03T12:35:05 IST" duration-ms="2282" status="PASS">
          <params>
            <param index="0">
              <value>
                <![CDATA[InvalidUser]]>
              </value>
            </param>
            <param index="1">
              <value>
                <![CDATA[InvalidPass]]>
              </value>
            </param>
            <param index="2">
              <value>
                <![CDATA[Invalid credentials]]>
              </value>
            </param>
          </params>
          <reporter-output>
          </reporter-output>
        </test-method> <!-- testInvalidLoginWithDataProvider -->
        <test-method is-config="true" signature="teardown()[pri:0, instance:DataDrivenLoginTests@1817d444]" started-at="2025-11-03T12:35:05 IST" name="teardown" finished-at="2025-11-03T12:35:05 IST" duration-ms="72" status="PASS">
          <reporter-output>
          </reporter-output>
        </test-method> <!-- teardown -->
        <test-method is-config="true" signature="setup()[pri:0, instance:DataDrivenLoginTests@1817d444]" started-at="2025-11-03T12:35:05 IST" name="setup" finished-at="2025-11-03T12:35:09 IST" duration-ms="3903" status="PASS">
          <reporter-output>
          </reporter-output>
        </test-method> <!-- setup -->
        <test-method signature="testInvalidLoginWithDataProvider(java.lang.String,java.lang.String,java.lang.String)[pri:2, instance:DataDrivenLoginTests@1817d444]" started-at="2025-11-03T12:35:09 IST" name="testInvalidLoginWithDataProvider" description="Data-driven test for invalid login attempts" data-provider="invalidLoginData" finished-at="2025-11-03T12:35:11 IST" duration-ms="2600" status="PASS">
          <params>
            <param index="0">
              <value>
                <![CDATA[Admin]]>
              </value>
            </param>
            <param index="1">
              <value>
                <![CDATA[wrongPassword]]>
              </value>
            </param>
            <param index="2">
              <value>
                <![CDATA[Invalid credentials]]>
              </value>
            </param>
          </params>
          <reporter-output>
          </reporter-output>
        </test-method> <!-- testInvalidLoginWithDataProvider -->
        <test-method is-config="true" signature="teardown()[pri:0, instance:DataDrivenLoginTests@1817d444]" started-at="2025-11-03T12:35:11 IST" name="teardown" finished-at="2025-11-03T12:35:11 IST" duration-ms="73" status="PASS">
          <reporter-output>
          </reporter-output>
        </test-method> <!-- teardown -->
        <test-method is-config="true" signature="setup()[pri:0, instance:DataDrivenLoginTests@1817d444]" started-at="2025-11-03T12:35:11 IST" name="setup" finished-at="2025-11-03T12:35:15 IST" duration-ms="3922" status="PASS">
          <reporter-output>
          </reporter-output>
        </test-method> <!-- setup -->
        <test-method signature="testInvalidLoginWithDataProvider(java.lang.String,java.lang.String,java.lang.String)[pri:2, instance:DataDrivenLoginTests@1817d444]" started-at="2025-11-03T12:35:15 IST" name="testInvalidLoginWithDataProvider" description="Data-driven test for invalid login attempts" data-provider="invalidLoginData" finished-at="2025-11-03T12:35:27 IST" duration-ms="11916" status="PASS">
          <params>
            <param index="0">
              <value>
                <![CDATA[]]>
              </value>
            </param>
            <param index="1">
              <value>
                <![CDATA[]]>
              </value>
            </param>
            <param index="2">
              <value>
                <![CDATA[Required]]>
              </value>
            </param>
          </params>
          <reporter-output>
          </reporter-output>
        </test-method> <!-- testInvalidLoginWithDataProvider -->
        <test-method is-config="true" signature="teardown()[pri:0, instance:DataDrivenLoginTests@1817d444]" started-at="2025-11-03T12:35:27 IST" name="teardown" finished-at="2025-11-03T12:35:27 IST" duration-ms="79" status="PASS">
          <reporter-output>
          </reporter-output>
        </test-method> <!-- teardown -->
        <test-method is-config="true" signature="setup()[pri:0, instance:DataDrivenLoginTests@1817d444]" started-at="2025-11-03T12:35:27 IST" name="setup" finished-at="2025-11-03T12:35:31 IST" duration-ms="3880" status="PASS">
          <reporter-output>
          </reporter-output>
        </test-method> <!-- setup -->
        <test-method signature="testInvalidLoginWithDataProvider(java.lang.String,java.lang.String,java.lang.String)[pri:2, instance:DataDrivenLoginTests@1817d444]" started-at="2025-11-03T12:35:31 IST" name="testInvalidLoginWithDataProvider" description="Data-driven test for invalid login attempts" data-provider="invalidLoginData" finished-at="2025-11-03T12:35:43 IST" duration-ms="11965" status="PASS">
          <params>
            <param index="0">
              <value>
                <![CDATA[Admin]]>
              </value>
            </param>
            <param index="1">
              <value>
                <![CDATA[]]>
              </value>
            </param>
            <param index="2">
              <value>
                <![CDATA[Required]]>
              </value>
            </param>
          </params>
          <reporter-output>
          </reporter-output>
        </test-method> <!-- testInvalidLoginWithDataProvider -->
        <test-method is-config="true" signature="teardown()[pri:0, instance:DataDrivenLoginTests@1817d444]" started-at="2025-11-03T12:35:43 IST" name="teardown" finished-at="2025-11-03T12:35:43 IST" duration-ms="79" status="PASS">
          <reporter-output>
          </reporter-output>
        </test-method> <!-- teardown -->
        <test-method is-config="true" signature="setup()[pri:0, instance:DataDrivenLoginTests@1817d444]" started-at="2025-11-03T12:35:43 IST" name="setup" finished-at="2025-11-03T12:35:48 IST" duration-ms="4227" status="PASS">
          <reporter-output>
          </reporter-output>
        </test-method> <!-- setup -->
        <test-method signature="testInvalidLoginWithDataProvider(java.lang.String,java.lang.String,java.lang.String)[pri:2, instance:DataDrivenLoginTests@1817d444]" started-at="2025-11-03T12:35:48 IST" name="testInvalidLoginWithDataProvider" description="Data-driven test for invalid login attempts" data-provider="invalidLoginData" finished-at="2025-11-03T12:36:00 IST" duration-ms="12489" status="PASS">
          <params>
            <param index="0">
              <value>
                <![CDATA[]]>
              </value>
            </param>
            <param index="1">
              <value>
                <![CDATA[admin123]]>
              </value>
            </param>
            <param index="2">
              <value>
                <![CDATA[Required]]>
              </value>
            </param>
          </params>
          <reporter-output>
          </reporter-output>
        </test-method> <!-- testInvalidLoginWithDataProvider -->
        <test-method is-config="true" signature="teardown()[pri:0, instance:DataDrivenLoginTests@1817d444]" started-at="2025-11-03T12:36:00 IST" name="teardown" finished-at="2025-11-03T12:36:00 IST" duration-ms="78" status="PASS">
          <reporter-output>
          </reporter-output>
        </test-method> <!-- teardown -->
        <test-method is-config="true" signature="setup()[pri:0, instance:DataDrivenLoginTests@1817d444]" started-at="2025-11-03T12:36:00 IST" name="setup" finished-at="2025-11-03T12:36:04 IST" duration-ms="3980" status="PASS">
          <reporter-output>
          </reporter-output>
        </test-method> <!-- setup -->
        <test-method signature="testInvalidLoginWithDataProvider(java.lang.String,java.lang.String,java.lang.String)[pri:2, instance:DataDrivenLoginTests@1817d444]" started-at="2025-11-03T12:36:04 IST" name="testInvalidLoginWithDataProvider" description="Data-driven test for invalid login attempts" data-provider="invalidLoginData" finished-at="2025-11-03T12:36:07 IST" duration-ms="2565" status="PASS">
          <params>
            <param index="0">
              <value>
                <![CDATA[Admin]]>
              </value>
            </param>
            <param index="1">
              <value>
                <![CDATA[Admin123]]>
              </value>
            </param>
            <param index="2">
              <value>
                <![CDATA[Invalid credentials]]>
              </value>
            </param>
          </params>
          <reporter-output>
          </reporter-output>
        </test-method> <!-- testInvalidLoginWithDataProvider -->
        <test-method is-config="true" signature="teardown()[pri:0, instance:DataDrivenLoginTests@1817d444]" started-at="2025-11-03T12:36:07 IST" name="teardown" finished-at="2025-11-03T12:36:07 IST" duration-ms="73" status="PASS">
          <reporter-output>
          </reporter-output>
        </test-method> <!-- teardown -->
        <test-method is-config="true" signature="setup()[pri:0, instance:DataDrivenLoginTests@1817d444]" started-at="2025-11-03T12:36:07 IST" name="setup" finished-at="2025-11-03T12:36:11 IST" duration-ms="4289" status="PASS">
          <reporter-output>
          </reporter-output>
        </test-method> <!-- setup -->
        <test-method signature="testLoginWithVariousScenarios(java.lang.String,java.lang.String,java.lang.String,java.lang.String)[pri:3, instance:DataDrivenLoginTests@1817d444]" started-at="2025-11-03T12:36:11 IST" name="testLoginWithVariousScenarios" description="Comprehensive data-driven login validation" data-provider="allLoginData" finished-at="2025-11-03T12:36:14 IST" duration-ms="3234" status="PASS">
          <params>
            <param index="0">
              <value>
                <![CDATA[Admin]]>
              </value>
            </param>
            <param index="1">
              <value>
                <![CDATA[admin123]]>
              </value>
            </param>
            <param index="2">
              <value>
                <![CDATA[success]]>
              </value>
            </param>
            <param index="3">
              <value>
                <![CDATA[Valid credentials]]>
              </value>
            </param>
          </params>
          <reporter-output>
          </reporter-output>
        </test-method> <!-- testLoginWithVariousScenarios -->
        <test-method is-config="true" signature="teardown()[pri:0, instance:DataDrivenLoginTests@1817d444]" started-at="2025-11-03T12:36:14 IST" name="teardown" finished-at="2025-11-03T12:36:14 IST" duration-ms="75" status="PASS">
          <reporter-output>
          </reporter-output>
        </test-method> <!-- teardown -->
        <test-method is-config="true" signature="setup()[pri:0, instance:DataDrivenLoginTests@1817d444]" started-at="2025-11-03T12:36:14 IST" name="setup" finished-at="2025-11-03T12:36:18 IST" duration-ms="3956" status="PASS">
          <reporter-output>
          </reporter-output>
        </test-method> <!-- setup -->
        <test-method signature="testLoginWithVariousScenarios(java.lang.String,java.lang.String,java.lang.String,java.lang.String)[pri:3, instance:DataDrivenLoginTests@1817d444]" started-at="2025-11-03T12:36:18 IST" name="testLoginWithVariousScenarios" description="Comprehensive data-driven login validation" data-provider="allLoginData" finished-at="2025-11-03T12:36:21 IST" duration-ms="2742" status="PASS">
          <params>
            <param index="0">
              <value>
                <![CDATA[InvalidUser]]>
              </value>
            </param>
            <param index="1">
              <value>
                <![CDATA[InvalidPass]]>
              </value>
            </param>
            <param index="2">
              <value>
                <![CDATA[failure]]>
              </value>
            </param>
            <param index="3">
              <value>
                <![CDATA[Both invalid]]>
              </value>
            </param>
          </params>
          <reporter-output>
          </reporter-output>
        </test-method> <!-- testLoginWithVariousScenarios -->
        <test-method is-config="true" signature="teardown()[pri:0, instance:DataDrivenLoginTests@1817d444]" started-at="2025-11-03T12:36:21 IST" name="teardown" finished-at="2025-11-03T12:36:21 IST" duration-ms="74" status="PASS">
          <reporter-output>
          </reporter-output>
        </test-method> <!-- teardown -->
        <test-method is-config="true" signature="setup()[pri:0, instance:DataDrivenLoginTests@1817d444]" started-at="2025-11-03T12:36:21 IST" name="setup" finished-at="2025-11-03T12:36:25 IST" duration-ms="3914" status="PASS">
          <reporter-output>
          </reporter-output>
        </test-method> <!-- setup -->
        <test-method signature="testLoginWithVariousScenarios(java.lang.String,java.lang.String,java.lang.String,java.lang.String)[pri:3, instance:DataDrivenLoginTests@1817d444]" started-at="2025-11-03T12:36:25 IST" name="testLoginWithVariousScenarios" description="Comprehensive data-driven login validation" data-provider="allLoginData" finished-at="2025-11-03T12:36:28 IST" duration-ms="2734" status="PASS">
          <params>
            <param index="0">
              <value>
                <![CDATA[Admin]]>
              </value>
            </param>
            <param index="1">
              <value>
                <![CDATA[wrongPass]]>
              </value>
            </param>
            <param index="2">
              <value>
                <![CDATA[failure]]>
              </value>
            </param>
            <param index="3">
              <value>
                <![CDATA[Invalid password]]>
              </value>
            </param>
          </params>
          <reporter-output>
          </reporter-output>
        </test-method> <!-- testLoginWithVariousScenarios -->
        <test-method is-config="true" signature="teardown()[pri:0, instance:DataDrivenLoginTests@1817d444]" started-at="2025-11-03T12:36:28 IST" name="teardown" finished-at="2025-11-03T12:36:28 IST" duration-ms="73" status="PASS">
          <reporter-output>
          </reporter-output>
        </test-method> <!-- teardown -->
        <test-method is-config="true" signature="setup()[pri:0, instance:DataDrivenLoginTests@1817d444]" started-at="2025-11-03T12:36:28 IST" name="setup" finished-at="2025-11-03T12:36:32 IST" duration-ms="3935" status="PASS">
          <reporter-output>
          </reporter-output>
        </test-method> <!-- setup -->
        <test-method signature="testLoginWithVariousScenarios(java.lang.String,java.lang.String,java.lang.String,java.lang.String)[pri:3, instance:DataDrivenLoginTests@1817d444]" started-at="2025-11-03T12:36:32 IST" name="testLoginWithVariousScenarios" description="Comprehensive data-driven login validation" data-provider="allLoginData" finished-at="2025-11-03T12:36:34 IST" duration-ms="2741" status="PASS">
          <params>
            <param index="0">
              <value>
                <![CDATA[wrongUser]]>
              </value>
            </param>
            <param index="1">
              <value>
                <![CDATA[admin123]]>
              </value>
            </param>
            <param index="2">
              <value>
                <![CDATA[failure]]>
              </value>
            </param>
            <param index="3">
              <value>
                <![CDATA[Invalid username]]>
              </value>
            </param>
          </params>
          <reporter-output>
          </reporter-output>
        </test-method> <!-- testLoginWithVariousScenarios -->
        <test-method is-config="true" signature="teardown()[pri:0, instance:DataDrivenLoginTests@1817d444]" started-at="2025-11-03T12:36:34 IST" name="teardown" finished-at="2025-11-03T12:36:35 IST" duration-ms="74" status="PASS">
          <reporter-output>
          </reporter-output>
        </test-method> <!-- teardown -->
        <test-method is-config="true" signature="setup()[pri:0, instance:DataDrivenLoginTests@1817d444]" started-at="2025-11-03T12:36:35 IST" name="setup" finished-at="2025-11-03T12:36:39 IST" duration-ms="4018" status="PASS">
          <reporter-output>
          </reporter-output>
        </test-method> <!-- setup -->
        <test-method signature="testLoginWithVariousScenarios(java.lang.String,java.lang.String,java.lang.String,java.lang.String)[pri:3, instance:DataDrivenLoginTests@1817d444]" started-at="2025-11-03T12:36:39 IST" name="testLoginWithVariousScenarios" description="Comprehensive data-driven login validation" data-provider="allLoginData" finished-at="2025-11-03T12:36:42 IST" duration-ms="3160" status="PASS">
          <params>
            <param index="0">
              <value>
                <![CDATA[]]>
              </value>
            </param>
            <param index="1">
              <value>
                <![CDATA[]]>
              </value>
            </param>
            <param index="2">
              <value>
                <![CDATA[failure]]>
              </value>
            </param>
            <param index="3">
              <value>
                <![CDATA[Empty credentials]]>
              </value>
            </param>
          </params>
          <reporter-output>
          </reporter-output>
        </test-method> <!-- testLoginWithVariousScenarios -->
        <test-method is-config="true" signature="teardown()[pri:0, instance:DataDrivenLoginTests@1817d444]" started-at="2025-11-03T12:36:42 IST" name="teardown" finished-at="2025-11-03T12:36:42 IST" duration-ms="73" status="PASS">
          <reporter-output>
          </reporter-output>
        </test-method> <!-- teardown -->
        <test-method is-config="true" signature="setup()[pri:0, instance:DataDrivenLoginTests@1817d444]" started-at="2025-11-03T12:36:42 IST" name="setup" finished-at="2025-11-03T12:36:46 IST" duration-ms="3907" status="PASS">
          <reporter-output>
          </reporter-output>
        </test-method> <!-- setup -->
        <test-method signature="testLoginWithCaseVariations()[pri:4, instance:DataDrivenLoginTests@1817d444]" started-at="2025-11-03T12:36:46 IST" name="testLoginWithCaseVariations" description="Test login with username case variations" finished-at="2025-11-03T12:37:08 IST" duration-ms="22495" status="PASS">
          <reporter-output>
          </reporter-output>
        </test-method> <!-- testLoginWithCaseVariations -->
        <test-method is-config="true" signature="teardown()[pri:0, instance:DataDrivenLoginTests@1817d444]" started-at="2025-11-03T12:37:08 IST" name="teardown" finished-at="2025-11-03T12:37:08 IST" duration-ms="79" status="PASS">
          <reporter-output>
          </reporter-output>
        </test-method> <!-- teardown -->
        <test-method is-config="true" signature="setup()[pri:0, instance:DataDrivenLoginTests@1817d444]" started-at="2025-11-03T12:37:08 IST" name="setup" finished-at="2025-11-03T12:37:12 IST" duration-ms="3944" status="PASS">
          <reporter-output>
          </reporter-output>
        </test-method> <!-- setup -->
        <test-method signature="testLoginWithSpecialCharacters()[pri:5, instance:DataDrivenLoginTests@1817d444]" started-at="2025-11-03T12:37:12 IST" name="testLoginWithSpecialCharacters" description="Test login with special characters in credentials" finished-at="2025-11-03T12:37:21 IST" duration-ms="9154" status="PASS">
          <reporter-output>
          </reporter-output>
        </test-method> <!-- testLoginWithSpecialCharacters -->
        <test-method is-config="true" signature="teardown()[pri:0, instance:DataDrivenLoginTests@1817d444]" started-at="2025-11-03T12:37:21 IST" name="teardown" finished-at="2025-11-03T12:37:21 IST" duration-ms="73" status="PASS">
          <reporter-output>
          </reporter-output>
        </test-method> <!-- teardown -->
      </class> <!-- DataDrivenLoginTests -->
      <class name="WindowAndDownloadTests">
        <test-method is-config="true" signature="setup()[pri:0, instance:WindowAndDownloadTests@50a638b5]" started-at="2025-11-03T12:34:13 IST" name="setup" finished-at="2025-11-03T12:34:14 IST" duration-ms="480" status="PASS">
          <reporter-output>
          </reporter-output>
        </test-method> <!-- setup -->
        <test-method signature="testMultipleWindowHandling()[pri:1, instance:WindowAndDownloadTests@50a638b5]" started-at="2025-11-03T12:34:14 IST" name="testMultipleWindowHandling" description="Verify handling of multiple browser windows/tabs" finished-at="2025-11-03T12:34:25 IST" duration-ms="11709" status="PASS">
          <reporter-output>
          </reporter-output>
        </test-method> <!-- testMultipleWindowHandling -->
        <test-method is-config="true" signature="teardown()[pri:0, instance:WindowAndDownloadTests@50a638b5]" started-at="2025-11-03T12:34:25 IST" name="teardown" finished-at="2025-11-03T12:34:25 IST" duration-ms="89" status="PASS">
          <reporter-output>
          </reporter-output>
        </test-method> <!-- teardown -->
        <test-method is-config="true" signature="setup()[pri:0, instance:WindowAndDownloadTests@50a638b5]" started-at="2025-11-03T12:34:25 IST" name="setup" finished-at="2025-11-03T12:34:26 IST" duration-ms="461" status="PASS">
          <reporter-output>
          </reporter-output>
        </test-method> <!-- setup -->
        <test-method signature="testFileDownload()[pri:2, instance:WindowAndDownloadTests@50a638b5]" started-at="2025-11-03T12:34:26 IST" name="testFileDownload" description="Verify file download functionality" finished-at="2025-11-03T12:34:45 IST" duration-ms="19545" status="PASS">
          <reporter-output>
          </reporter-output>
        </test-method> <!-- testFileDownload -->
        <test-method is-config="true" signature="teardown()[pri:0, instance:WindowAndDownloadTests@50a638b5]" started-at="2025-11-03T12:34:45 IST" name="teardown" finished-at="2025-11-03T12:34:45 IST" duration-ms="82" status="PASS">
          <reporter-output>
          </reporter-output>
        </test-method> <!-- teardown -->
        <test-method is-config="true" signature="setup()[pri:0, instance:WindowAndDownloadTests@50a638b5]" started-at="2025-11-03T12:34:45 IST" name="setup" finished-at="2025-11-03T12:34:46 IST" duration-ms="448" status="PASS">
          <reporter-output>
          </reporter-output>
        </test-method> <!-- setup -->
        <test-method signature="testTabSwitching()[pri:3, instance:WindowAndDownloadTests@50a638b5]" started-at="2025-11-03T12:34:46 IST" name="testTabSwitching" description="Verify switching between multiple tabs" finished-at="2025-11-03T12:34:52 IST" duration-ms="6397" status="PASS">
          <reporter-output>
          </reporter-output>
        </test-method> <!-- testTabSwitching -->
        <test-method is-config="true" signature="teardown()[pri:0, instance:WindowAndDownloadTests@50a638b5]" started-at="2025-11-03T12:34:52 IST" name="teardown" finished-at="2025-11-03T12:34:52 IST" duration-ms="75" status="PASS">
          <reporter-output>
          </reporter-output>
        </test-method> <!-- teardown -->
      </class> <!-- WindowAndDownloadTests -->
      <class name="EmployeeProfileTests">
        <test-method is-config="true" signature="setup()[pri:0, instance:EmployeeProfileTests@636be97c]" started-at="2025-11-03T12:33:52 IST" name="setup" finished-at="2025-11-03T12:33:52 IST" duration-ms="465" status="PASS">
          <reporter-output>
          </reporter-output>
        </test-method> <!-- setup -->
        <test-method signature="testProfileImageUpload()[pri:1, instance:EmployeeProfileTests@636be97c]" started-at="2025-11-03T12:33:52 IST" name="testProfileImageUpload" description="Navigate to profile page, verify upload option and capture screenshot" finished-at="2025-11-03T12:34:03 IST" duration-ms="10578" status="PASS">
          <reporter-output>
          </reporter-output>
        </test-method> <!-- testProfileImageUpload -->
        <test-method is-config="true" signature="teardown()[pri:0, instance:EmployeeProfileTests@636be97c]" started-at="2025-11-03T12:34:03 IST" name="teardown" finished-at="2025-11-03T12:34:03 IST" duration-ms="82" status="PASS">
          <reporter-output>
          </reporter-output>
        </test-method> <!-- teardown -->
        <test-method is-config="true" signature="setup()[pri:0, instance:EmployeeProfileTests@636be97c]" started-at="2025-11-03T12:34:03 IST" name="setup" finished-at="2025-11-03T12:34:04 IST" duration-ms="472" status="PASS">
          <reporter-output>
          </reporter-output>
        </test-method> <!-- setup -->
        <test-method signature="testMyInfoPageLoad()[pri:2, instance:EmployeeProfileTests@636be97c]" started-at="2025-11-03T12:34:04 IST" name="testMyInfoPageLoad" description="Verify My Info page loads correctly" finished-at="2025-11-03T12:34:13 IST" duration-ms="9418" status="PASS">
          <reporter-output>
          </reporter-output>
        </test-method> <!-- testMyInfoPageLoad -->
        <test-method is-config="true" signature="teardown()[pri:0, instance:EmployeeProfileTests@636be97c]" started-at="2025-11-03T12:34:13 IST" name="teardown" finished-at="2025-11-03T12:34:13 IST" duration-ms="78" status="PASS">
          <reporter-output>
          </reporter-output>
        </test-method> <!-- teardown -->
      </class> <!-- EmployeeProfileTests -->
      <class name="LoginTests">
        <test-method is-config="true" signature="setup()[pri:0, instance:LoginTests@10e92f8f]" started-at="2025-11-03T12:33:32 IST" name="setup" finished-at="2025-11-03T12:33:37 IST" duration-ms="4689" status="PASS">
          <reporter-output>
          </reporter-output>
        </test-method> <!-- setup -->
        <test-method signature="testValidLogin()[pri:1, instance:LoginTests@10e92f8f]" started-at="2025-11-03T12:33:37 IST" name="testValidLogin" description="Verify successful login with valid credentials" finished-at="2025-11-03T12:33:40 IST" duration-ms="3127" status="PASS">
          <reporter-output>
          </reporter-output>
        </test-method> <!-- testValidLogin -->
        <test-method is-config="true" signature="teardown()[pri:0, instance:LoginTests@10e92f8f]" started-at="2025-11-03T12:33:40 IST" name="teardown" finished-at="2025-11-03T12:33:40 IST" duration-ms="84" status="PASS">
          <reporter-output>
          </reporter-output>
        </test-method> <!-- teardown -->
        <test-method is-config="true" signature="setup()[pri:0, instance:LoginTests@10e92f8f]" started-at="2025-11-03T12:33:40 IST" name="setup" finished-at="2025-11-03T12:33:44 IST" duration-ms="3906" status="PASS">
          <reporter-output>
          </reporter-output>
        </test-method> <!-- setup -->
        <test-method signature="testInvalidLogin()[pri:2, instance:LoginTests@10e92f8f]" started-at="2025-11-03T12:33:44 IST" name="testInvalidLogin" description="Verify login fails with invalid credentials" finished-at="2025-11-03T12:33:46 IST" duration-ms="2320" status="PASS">
          <reporter-output>
          </reporter-output>
        </test-method> <!-- testInvalidLogin -->
        <test-method is-config="true" signature="teardown()[pri:0, instance:LoginTests@10e92f8f]" started-at="2025-11-03T12:33:46 IST" name="teardown" finished-at="2025-11-03T12:33:46 IST" duration-ms="73" status="PASS">
          <reporter-output>
          </reporter-output>
        </test-method> <!-- teardown -->
        <test-method is-config="true" signature="setup()[pri:0, instance:LoginTests@10e92f8f]" started-at="2025-11-03T12:33:46 IST" name="setup" finished-at="2025-11-03T12:33:50 IST" duration-ms="4197" status="PASS">
          <reporter-output>
          </reporter-output>
        </test-method> <!-- setup -->
        <test-method signature="testEmptyCredentialsLogin()[pri:3, instance:LoginTests@10e92f8f]" started-at="2025-11-03T12:33:50 IST" name="testEmptyCredentialsLogin" description="Verify login fails with empty credentials" finished-at="2025-11-03T12:33:52 IST" duration-ms="1620" status="PASS">
          <reporter-output>
          </reporter-output>
        </test-method> <!-- testEmptyCredentialsLogin -->
        <test-method is-config="true" signature="teardown()[pri:0, instance:LoginTests@10e92f8f]" started-at="2025-11-03T12:33:52 IST" name="teardown" finished-at="2025-11-03T12:33:52 IST" duration-ms="72" status="PASS">
          <reporter-output>
          </reporter-output>
        </test-method> <!-- teardown -->
      </class> <!-- LoginTests -->
    </test> <!-- All Functional Tests -->
  </suite> <!-- OrangeHRM Automation Test Suite -->
</testng-results>
