<?xml version="1.0" encoding="UTF-8"?>
<testsuite xmlns:xsi="http://www.w3.org/2001/XMLSchema-instance" xsi:noNamespaceSchemaLocation="https://maven.apache.org/surefire/maven-surefire-plugin/xsd/surefire-test-report-3.0.xsd" version="3.0" name="TestSuite" time="229.953" tests="22" errors="0" skipped="0" failures="0">
  <properties>
[...]
</properties>
  <testcase name="testValidLogin" classname="LoginTests" time="3.132">
    <system-out><![CDATA[✓ Valid login test passed - Dashboard loaded successfully
]]></system-out>
    <system-err><![CDATA[SLF4J: Failed to load class "org.slf4j.impl.StaticLoggerBinder".
SLF4J: Defaulting to no-operation (NOP) logger implementation
SLF4J: See http://www.slf4j.org/codes.html#StaticLoggerBinder for further details.
Nov 03, 2025 12:33:33 PM org.openqa.selenium.devtools.CdpVersionFinder findNearestMatch
WARNING: Unable to find CDP implementation matching 142
Nov 03, 2025 12:33:33 PM org.openqa.selenium.chromium.ChromiumDriver lambda$new$5
WARNING: Unable to find version of CDP to use for 142.0.7444.59. You may need to include a dependency on a specific version of the CDP using something similar to `org.seleniumhq.selenium:selenium-devtools-v86:4.15.0` where the version ("v86") matches the version of the chromium-based browser you're using and the version number of the artifact is the same as Selenium's.
]]></system-err>
  </testcase>
  <testcase name="testInvalidLogin" classname="LoginTests" time="2.32">
    <system-out><![CDATA[✓ Invalid login test passed - Error message displayed: Invalid credentials
]]></system-out>
    <system-err><![CDATA[Nov 03, 2025 12:33:40 PM org.openqa.selenium.devtools.CdpVersionFinder findNearestMatch
WARNING: Unable to find CDP implementation matching 142
Nov 03, 2025 12:33:40 PM org.openqa.selenium.chromium.ChromiumDriver lambda$new$5
WARNING: Unable to find version of CDP to use for 142.0.7444.59. You may need to include a dependency on a specific version of the CDP using something similar to `org.seleniumhq.selenium:selenium-devtools-v86:4.15.0` where the version ("v86") matches the version of the chromium-based browser you're using and the version number of the artifact is the same as Selenium's.
]]></system-err>
  </testcase>
  <testcase name="testEmptyCredentialsLogin" classname="LoginTests" time="1.621">
    <system-out><![CDATA[✓ Empty credentials test passed - Validation messages displayed
]]></system-out>
    <system-err><![CDATA[Nov 03, 2025 12:33:47 PM org.openqa.selenium.devtools.CdpVersionFinder findNearestMatch
WARNING: Unable to find CDP implementation matching 142
Nov 03, 2025 12:33:47 PM org.openqa.selenium.chromium.ChromiumDriver lambda$new$5
WARNING: Unable to find version of CDP to use for 142.0.7444.59. You may need to include a dependency on a specific version of the CDP using something similar to `org.seleniumhq.selenium:selenium-devtools-v86:4.15.0` where the version ("v86") matches the version of the chromium-based browser you're using and the version number of the artifact is the same as Selenium's.
]]></system-err>
  </testcase>
  <testcase name="testProfileImageUpload" classname="EmployeeProfileTests" time="10.578">
    <system-out><![CDATA[✓ Login successful
✓ Navigated to My Info section
✓ Profile image container found on page
✓ Personal Details form verified
⚠ File upload input not immediately visible - may require user interaction
✓ Screenshot captured: /home/ayush/Desktop/orange-Hrm/screenshots/ProfilePage_Verified_20251103_123403.png
✓ Profile page navigation and verification test completed successfully
]]></system-out>
    <system-err><![CDATA[Nov 03, 2025 12:33:52 PM org.openqa.selenium.devtools.CdpVersionFinder findNearestMatch
WARNING: Unable to find CDP implementation matching 142
Nov 03, 2025 12:33:52 PM org.openqa.selenium.chromium.ChromiumDriver lambda$new$5
WARNING: Unable to find version of CDP to use for 142.0.7444.59. You may need to include a dependency on a specific version of the CDP using something similar to `org.seleniumhq.selenium:selenium-devtools-v86:4.15.0` where the version ("v86") matches the version of the chromium-based browser you're using and the version number of the artifact is the same as Selenium's.
]]></system-err>
  </testcase>
  <testcase name="testMyInfoPageLoad" classname="EmployeeProfileTests" time="9.418">
    <system-out><![CDATA[✓ Screenshot captured: /home/ayush/Desktop/orange-Hrm/screenshots/MyInfoPage_Loaded_20251103_123413.png
✓ My Info page loaded successfully
]]></system-out>
    <system-err><![CDATA[Nov 03, 2025 12:34:04 PM org.openqa.selenium.devtools.CdpVersionFinder findNearestMatch
WARNING: Unable to find CDP implementation matching 142
Nov 03, 2025 12:34:04 PM org.openqa.selenium.chromium.ChromiumDriver lambda$new$5
WARNING: Unable to find version of CDP to use for 142.0.7444.59. You may need to include a dependency on a specific version of the CDP using something similar to `org.seleniumhq.selenium:selenium-devtools-v86:4.15.0` where the version ("v86") matches the version of the chromium-based browser you're using and the version number of the artifact is the same as Selenium's.
]]></system-err>
  </testcase>
  <testcase name="testMultipleWindowHandling" classname="WindowAndDownloadTests" time="11.709">
    <system-out><![CDATA[✓ Login successful
✓ Original window handle stored: 4607DFB0...
✓ Number of open windows: 2
✓ Switched to new window: CB427B6F...
✓ New window title: Human Resources Management Software | HRMS | OrangeHRM
✓ New window URL: https://www.orangehrm.com/
✓ New window closed
✓ Switched back to original window
✓ Multiple window handling test completed successfully
]]></system-out>
    <system-err><![CDATA[Nov 03, 2025 12:34:14 PM org.openqa.selenium.devtools.CdpVersionFinder findNearestMatch
WARNING: Unable to find CDP implementation matching 142
Nov 03, 2025 12:34:14 PM org.openqa.selenium.chromium.ChromiumDriver lambda$new$5
WARNING: Unable to find version of CDP to use for 142.0.7444.59. You may need to include a dependency on a specific version of the CDP using something similar to `org.seleniumhq.selenium:selenium-devtools-v86:4.15.0` where the version ("v86") matches the version of the chromium-based browser you're using and the version number of the artifact is the same as Selenium's.
]]></system-err>
  </testcase>
  <testcase name="testFileDownload" classname="WindowAndDownloadTests" time="19.544">
    <system-out><![CDATA[✓ Login successful
✓ Navigated to PIM section
⚠ Download button not found in current page
✓ Demonstrated download directory setup and configuration
✓ File download test scenario completed
]]></system-out>
    <system-err><![CDATA[Nov 03, 2025 12:34:26 PM org.openqa.selenium.devtools.CdpVersionFinder findNearestMatch
WARNING: Unable to find CDP implementation matching 142
Nov 03, 2025 12:34:26 PM org.openqa.selenium.chromium.ChromiumDriver lambda$new$5
WARNING: Unable to find version of CDP to use for 142.0.7444.59. You may need to include a dependency on a specific version of the CDP using something similar to `org.seleniumhq.selenium:selenium-devtools-v86:4.15.0` where the version ("v86") matches the version of the chromium-based browser you're using and the version number of the artifact is the same as Selenium's.
]]></system-err>
  </testcase>
  <testcase name="testTabSwitching" classname="WindowAndDownloadTests" time="6.396">
    <system-out><![CDATA[✓ Opened multiple tabs: 2
✓ New tab title: Google
✓ Switched back to main tab
✓ Tab switching test completed successfully
]]></system-out>
    <system-err><![CDATA[Nov 03, 2025 12:34:46 PM org.openqa.selenium.devtools.CdpVersionFinder findNearestMatch
WARNING: Unable to find CDP implementation matching 142
Nov 03, 2025 12:34:46 PM org.openqa.selenium.chromium.ChromiumDriver lambda$new$5
WARNING: Unable to find version of CDP to use for 142.0.7444.59. You may need to include a dependency on a specific version of the CDP using something similar to `org.seleniumhq.selenium:selenium-devtools-v86:4.15.0` where the version ("v86") matches the version of the chromium-based browser you're using and the version number of the artifact is the same as Selenium's.
]]></system-err>
  </testcase>
  <testcase name="testValidLoginWithDataProvider[Admin, admin123](1)" classname="DataDrivenLoginTests" time="2.159">
    <system-out><![CDATA[Testing login with username: Admin
✓ Login successful for user: Admin
]]></system-out>
    <system-err><![CDATA[Nov 03, 2025 12:34:53 PM org.openqa.selenium.devtools.CdpVersionFinder findNearestMatch
WARNING: Unable to find CDP implementation matching 142
Nov 03, 2025 12:34:53 PM org.openqa.selenium.chromium.ChromiumDriver lambda$new$5
WARNING: Unable to find version of CDP to use for 142.0.7444.59. You may need to include a dependency on a specific version of the CDP using something similar to `org.seleniumhq.selenium:selenium-devtools-v86:4.15.0` where the version ("v86") matches the version of the chromium-based browser you're using and the version number of the artifact is the same as Selenium's.
]]></system-err>
  </testcase>
  <testcase name="testInvalidLoginWithDataProvider[InvalidUser, InvalidPass, Invalid credentials](1)" classname="DataDrivenLoginTests" time="2.282">
    <system-out><![CDATA[Testing invalid login with username: 'InvalidUser', password: 'InvalidPass'
✓ Login correctly failed for user: 'InvalidUser' - Error: Invalid credentials
]]></system-out>
    <system-err><![CDATA[Nov 03, 2025 12:34:59 PM org.openqa.selenium.devtools.CdpVersionFinder findNearestMatch
WARNING: Unable to find CDP implementation matching 142
Nov 03, 2025 12:34:59 PM org.openqa.selenium.chromium.ChromiumDriver lambda$new$5
WARNING: Unable to find version of CDP to use for 142.0.7444.59. You may need to include a dependency on a specific version of the CDP using something similar to `org.seleniumhq.selenium:selenium-devtools-v86:4.15.0` where the version ("v86") matches the version of the chromium-based browser you're using and the version number of the artifact is the same as Selenium's.
]]></system-err>
  </testcase>
  <testcase name="testInvalidLoginWithDataProvider[Admin, wrongPassword, Invalid credentials](2)" classname="DataDrivenLoginTests" time="2.6">
    <system-out><![CDATA[Testing invalid login with username: 'Admin', password: 'wrongPassword'
✓ Login correctly failed for user: 'Admin' - Error: Invalid credentials
]]></system-out>
    <system-err><![CDATA[Nov 03, 2025 12:35:05 PM org.openqa.selenium.devtools.CdpVersionFinder findNearestMatch
WARNING: Unable to find CDP implementation matching 142
Nov 03, 2025 12:35:05 PM org.openqa.selenium.chromium.ChromiumDriver lambda$new$5
WARNING: Unable to find version of CDP to use for 142.0.7444.59. You may need to include a dependency on a specific version of the CDP using something similar to `org.seleniumhq.selenium:selenium-devtools-v86:4.15.0` where the version ("v86") matches the version of the chromium-based browser you're using and the version number of the artifact is the same as Selenium's.
]]></system-err>
  </testcase>
  <testcase name="testInvalidLoginWithDataProvider[, , Required](3)" classname="DataDrivenLoginTests" time="11.917">
    <system-out><![CDATA[Testing invalid login with username: '', password: ''
✓ Login correctly failed for user: '' - Error: Required field validation
]]></system-out>
    <system-err><![CDATA[Nov 03, 2025 12:35:12 PM org.openqa.selenium.devtools.CdpVersionFinder findNearestMatch
WARNING: Unable to find CDP implementation matching 142
Nov 03, 2025 12:35:12 PM org.openqa.selenium.chromium.ChromiumDriver lambda$new$5
WARNING: Unable to find version of CDP to use for 142.0.7444.59. You may need to include a dependency on a specific version of the CDP using something similar to `org.seleniumhq.selenium:selenium-devtools-v86:4.15.0` where the version ("v86") matches the version of the chromium-based browser you're using and the version number of the artifact is the same as Selenium's.
]]></system-err>
  </testcase>
  <testcase name="testInvalidLoginWithDataProvider[Admin, , Required](4)" classname="DataDrivenLoginTests" time="11.966">
    <system-out><![CDATA[Testing invalid login with username: 'Admin', password: ''
✓ Login correctly failed for user: 'Admin' - Error: Required field validation
]]></system-out>
    <system-err><![CDATA[Nov 03, 2025 12:35:28 PM org.openqa.selenium.devtools.CdpVersionFinder findNearestMatch
WARNING: Unable to find CDP implementation matching 142
Nov 03, 2025 12:35:28 PM org.openqa.selenium.chromium.ChromiumDriver lambda$new$5
WARNING: Unable to find version of CDP to use for 142.0.7444.59. You may need to include a dependency on a specific version of the CDP using something similar to `org.seleniumhq.selenium:selenium-devtools-v86:4.15.0` where the version ("v86") matches the version of the chromium-based browser you're using and the version number of the artifact is the same as Selenium's.
]]></system-err>
  </testcase>
  <testcase name="testInvalidLoginWithDataProvider[, admin123, Required](5)" classname="DataDrivenLoginTests" time="12.488">
    <system-out><![CDATA[Testing invalid login with username: '', password: 'admin123'
✓ Login correctly failed for user: '' - Error: Required field validation
]]></system-out>
    <system-err><![CDATA[Nov 03, 2025 12:35:44 PM org.openqa.selenium.devtools.CdpVersionFinder findNearestMatch
WARNING: Unable to find CDP implementation matching 142
Nov 03, 2025 12:35:44 PM org.openqa.selenium.chromium.ChromiumDriver lambda$new$5
WARNING: Unable to find version of CDP to use for 142.0.7444.59. You may need to include a dependency on a specific version of the CDP using something similar to `org.seleniumhq.selenium:selenium-devtools-v86:4.15.0` where the version ("v86") matches the version of the chromium-based browser you're using and the version number of the artifact is the same as Selenium's.
]]></system-err>
  </testcase>
  <testcase name="testInvalidLoginWithDataProvider[Admin, Admin123, Invalid credentials](6)" classname="DataDrivenLoginTests" time="2.565">
    <system-out><![CDATA[Testing invalid login with username: 'Admin', password: 'Admin123'
✓ Login correctly failed for user: 'Admin' - Error: Invalid credentials
]]></system-out>
    <system-err><![CDATA[Nov 03, 2025 12:36:01 PM org.openqa.selenium.devtools.CdpVersionFinder findNearestMatch
WARNING: Unable to find CDP implementation matching 142
Nov 03, 2025 12:36:01 PM org.openqa.selenium.chromium.ChromiumDriver lambda$new$5
WARNING: Unable to find version of CDP to use for 142.0.7444.59. You may need to include a dependency on a specific version of the CDP using something similar to `org.seleniumhq.selenium:selenium-devtools-v86:4.15.0` where the version ("v86") matches the version of the chromium-based browser you're using and the version number of the artifact is the same as Selenium's.
]]></system-err>
  </testcase>
  <testcase name="testLoginWithVariousScenarios[Admin, admin123, success, Valid credentials](1)" classname="DataDrivenLoginTests" time="3.235">
    <system-out><![CDATA[Testing scenario: Valid credentials
  Username: 'Admin', Password: 'admin123'
  ✓ Result: Login successful as expected
]]></system-out>
    <system-err><![CDATA[Nov 03, 2025 12:36:07 PM org.openqa.selenium.devtools.CdpVersionFinder findNearestMatch
WARNING: Unable to find CDP implementation matching 142
Nov 03, 2025 12:36:07 PM org.openqa.selenium.chromium.ChromiumDriver lambda$new$5
WARNING: Unable to find version of CDP to use for 142.0.7444.59. You may need to include a dependency on a specific version of the CDP using something similar to `org.seleniumhq.selenium:selenium-devtools-v86:4.15.0` where the version ("v86") matches the version of the chromium-based browser you're using and the version number of the artifact is the same as Selenium's.
]]></system-err>
  </testcase>
  <testcase name="testLoginWithVariousScenarios[InvalidUser, InvalidPass, failure, Both invalid](2)" classname="DataDrivenLoginTests" time="2.742">
    <system-out><![CDATA[Testing scenario: Both invalid
  Username: 'InvalidUser', Password: 'InvalidPass'
  ✓ Result: Login failed as expected
]]></system-out>
    <system-err><![CDATA[Nov 03, 2025 12:36:15 PM org.openqa.selenium.devtools.CdpVersionFinder findNearestMatch
WARNING: Unable to find CDP implementation matching 142
Nov 03, 2025 12:36:15 PM org.openqa.selenium.chromium.ChromiumDriver lambda$new$5
WARNING: Unable to find version of CDP to use for 142.0.7444.59. You may need to include a dependency on a specific version of the CDP using something similar to `org.seleniumhq.selenium:selenium-devtools-v86:4.15.0` where the version ("v86") matches the version of the chromium-based browser you're using and the version number of the artifact is the same as Selenium's.
]]></system-err>
  </testcase>
  <testcase name="testLoginWithVariousScenarios[Admin, wrongPass, failure, Invalid password](3)" classname="DataDrivenLoginTests" time="2.735">
    <system-out><![CDATA[Testing scenario: Invalid password
  Username: 'Admin', Password: 'wrongPass'
  ✓ Result: Login failed as expected
]]></system-out>
    <system-err><![CDATA[Nov 03, 2025 12:36:22 PM org.openqa.selenium.devtools.CdpVersionFinder findNearestMatch
WARNING: Unable to find CDP implementation matching 142
Nov 03, 2025 12:36:22 PM org.openqa.selenium.chromium.ChromiumDriver lambda$new$5
WARNING: Unable to find version of CDP to use for 142.0.7444.59. You may need to include a dependency on a specific version of the CDP using something similar to `org.seleniumhq.selenium:selenium-devtools-v86:4.15.0` where the version ("v86") matches the version of the chromium-based browser you're using and the version number of the artifact is the same as Selenium's.
]]></system-err>
  </testcase>
  <testcase name="testLoginWithVariousScenarios[wrongUser, admin123, failure, Invalid username](4)" classname="DataDrivenLoginTests" time="2.741">
    <system-out><![CDATA[Testing scenario: Invalid username
  Username: 'wrongUser', Password: 'admin123'
  ✓ Result: Login failed as expected
]]></system-out>
    <system-err><![CDATA[Nov 03, 2025 12:36:28 PM org.openqa.selenium.devtools.CdpVersionFinder findNearestMatch
WARNING: Unable to find CDP implementation matching 142
Nov 03, 2025 12:36:28 PM org.openqa.selenium.chromium.ChromiumDriver lambda$new$5
WARNING: Unable to find version of CDP to use for 142.0.7444.59. You may need to include a dependency on a specific version of the CDP using something similar to `org.seleniumhq.selenium:selenium-devtools-v86:4.15.0` where the version ("v86") matches the version of the chromium-based browser you're using and the version number of the artifact is the same as Selenium's.
]]></system-err>
  </testcase>
  <testcase name="testLoginWithVariousScenarios[, , failure, Empty credentials](5)" classname="DataDrivenLoginTests" time="3.16">
    <system-out><![CDATA[Testing scenario: Empty credentials
  Username: '', Password: ''
  ✓ Result: Login failed as expected
]]></system-out>
    <system-err><![CDATA[Nov 03, 2025 12:36:35 PM org.openqa.selenium.devtools.CdpVersionFinder findNearestMatch
WARNING: Unable to find CDP implementation matching 142
Nov 03, 2025 12:36:35 PM org.openqa.selenium.chromium.ChromiumDriver lambda$new$5
WARNING: Unable to find version of CDP to use for 142.0.7444.59. You may need to include a dependency on a specific version of the CDP using something similar to `org.seleniumhq.selenium:selenium-devtools-v86:4.15.0` where the version ("v86") matches the version of the chromium-based browser you're using and the version number of the artifact is the same as Selenium's.
]]></system-err>
  </testcase>
  <testcase name="testLoginWithCaseVariations" classname="DataDrivenLoginTests" time="22.494">
    <system-out><![CDATA[Testing with username variation: 'admin'
✓ System accepted username: 'admin' (case-insensitive or trimming enabled)
Testing with username variation: 'ADMIN'
✓ System accepted username: 'ADMIN' (case-insensitive or trimming enabled)
Testing with username variation: 'Admin '
✓ System accepted username: 'Admin ' (case-insensitive or trimming enabled)
✓ Case variation tests completed - Accepted: 3, Rejected: 0
]]></system-out>
    <system-err><![CDATA[Nov 03, 2025 12:36:42 PM org.openqa.selenium.devtools.CdpVersionFinder findNearestMatch
WARNING: Unable to find CDP implementation matching 142
Nov 03, 2025 12:36:42 PM org.openqa.selenium.chromium.ChromiumDriver lambda$new$5
WARNING: Unable to find version of CDP to use for 142.0.7444.59. You may need to include a dependency on a specific version of the CDP using something similar to `org.seleniumhq.selenium:selenium-devtools-v86:4.15.0` where the version ("v86") matches the version of the chromium-based browser you're using and the version number of the artifact is the same as Selenium's.
Nov 03, 2025 12:36:46 PM org.openqa.selenium.devtools.CdpVersionFinder findNearestMatch
WARNING: Unable to find CDP implementation matching 142
Nov 03, 2025 12:36:46 PM org.openqa.selenium.chromium.ChromiumDriver lambda$new$5
WARNING: Unable to find version of CDP to use for 142.0.7444.59. You may need to include a dependency on a specific version of the CDP using something similar to `org.seleniumhq.selenium:selenium-devtools-v86:4.15.0` where the version ("v86") matches the version of the chromium-based browser you're using and the version number of the artifact is the same as Selenium's.
Nov 03, 2025 12:36:53 PM org.openqa.selenium.devtools.CdpVersionFinder findNearestMatch
WARNING: Unable to find CDP implementation matching 142
Nov 03, 2025 12:36:53 PM org.openqa.selenium.chromium.ChromiumDriver lambda$new$5
WARNING: Unable to find version of CDP to use for 142.0.7444.59. You may need to include a dependency on a specific version of the CDP using something similar to `org.seleniumhq.selenium:selenium-devtools-v86:4.15.0` where the version ("v86") matches the version of the chromium-based browser you're using and the version number of the artifact is the same as Selenium's.
Nov 03, 2025 12:37:01 PM org.openqa.selenium.devtools.CdpVersionFinder findNearestMatch
WARNING: Unable to find CDP implementation matching 142
Nov 03, 2025 12:37:01 PM org.openqa.selenium.chromium.ChromiumDriver lambda$new$5
WARNING: Unable to find version of CDP to use for 142.0.7444.59. You may need to include a dependency on a specific version of the CDP using something similar to `org.seleniumhq.selenium:selenium-devtools-v86:4.15.0` where the version ("v86") matches the version of the chromium-based browser you're using and the version number of the artifact is the same as Selenium's.
]]></system-err>
  </testcase>
  <testcase name="testLoginWithSpecialCharacters" classname="DataDrivenLoginTests" time="9.154">
    <system-out><![CDATA[Testing with special characters - Username: Admin@123
✓ Special character test passed for: Admin@123
Testing with special characters - Username: User#123
✓ Special character test passed for: User#123
Testing with special characters - Username: admin'OR'1'='1
✓ Special character test passed for: admin'OR'1'='1
✓ All special character login tests completed
]]></system-out>
    <system-err><![CDATA[Nov 03, 2025 12:37:09 PM org.openqa.selenium.devtools.CdpVersionFinder findNearestMatch
WARNING: Unable to find CDP implementation matching 142
Nov 03, 2025 12:37:09 PM org.openqa.selenium.chromium.ChromiumDriver lambda$new$5
WARNING: Unable to find version of CDP to use for 142.0.7444.59. You may need to include a dependency on a specific version of the CDP using something similar to `org.seleniumhq.selenium:selenium-devtools-v86:4.15.0` where the version ("v86") matches the version of the chromium-based browser you're using and the version number of the artifact is the same as Selenium's.
]]></system-err>
  </testcase>
</testsuite>