<?xml version="1.0" encoding="UTF-8"?>
<!-- Generated by org.testng.reporters.JUnitReportReporter -->
<testsuite hostname="Ayush" failures="0" tests="3" name="LoginTests" time="20.088" errors="0" timestamp="2025-11-03T12:37:22 IST" skipped="0">
  <testcase classname="LoginTests" name="testValidLogin" time="7.105"/>
  <testcase classname="LoginTests" name="testInvalidLogin" time="7.093"/>
  <testcase classname="LoginTests" name="testEmptyCredentialsLogin" time="5.890"/>
</testsuite> <!-- LoginTests -->
