<?xml version="1.0" encoding="UTF-8"?>
<!-- Generated by org.testng.reporters.JUnitReportReporter -->
<testsuite hostname="Ayush" failures="0" tests="3" name="WindowAndDownloadTests" time="39.907" errors="0" timestamp="2025-11-03T12:14:59 IST" skipped="0">
  <testcase classname="WindowAndDownloadTests" name="testMultipleWindowHandling" time="12.620"/>
  <testcase classname="WindowAndDownloadTests" name="testFileDownload" time="20.068"/>
  <testcase classname="WindowAndDownloadTests" name="testTabSwitching" time="7.219"/>
</testsuite> <!-- WindowAndDownloadTests -->
