<?xml version="1.0" encoding="UTF-8"?>
<!-- Generated by org.testng.reporters.JUnitReportReporter -->
<testsuite hostname="Ayush" failures="0" tests="14" name="DataDrivenLoginTests" time="149.035" errors="0" timestamp="2025-11-03T12:37:22 IST" skipped="0">
  <testcase classname="DataDrivenLoginTests" name="testValidLoginWithDataProvider" time="6.254"/>
  <testcase classname="DataDrivenLoginTests" name="testInvalidLoginWithDataProvider" time="15.994"/>
  <testcase classname="DataDrivenLoginTests" name="testInvalidLoginWithDataProvider" time="6.587"/>
  <testcase classname="DataDrivenLoginTests" name="testInvalidLoginWithDataProvider" time="15.956"/>
  <testcase classname="DataDrivenLoginTests" name="testInvalidLoginWithDataProvider" time="6.588"/>
  <testcase classname="DataDrivenLoginTests" name="testInvalidLoginWithDataProvider" time="16.465"/>
  <testcase classname="DataDrivenLoginTests" name="testInvalidLoginWithDataProvider" time="6.335"/>
  <testcase classname="DataDrivenLoginTests" name="testLoginWithVariousScenarios" time="7.460"/>
  <testcase classname="DataDrivenLoginTests" name="testLoginWithVariousScenarios" time="7.602"/>
  <testcase classname="DataDrivenLoginTests" name="testLoginWithVariousScenarios" time="6.697"/>
  <testcase classname="DataDrivenLoginTests" name="testLoginWithVariousScenarios" time="6.735"/>
  <testcase classname="DataDrivenLoginTests" name="testLoginWithVariousScenarios" time="6.725"/>
  <testcase classname="DataDrivenLoginTests" name="testLoginWithCaseVariations" time="26.502"/>
  <testcase classname="DataDrivenLoginTests" name="testLoginWithSpecialCharacters" time="13.135"/>
</testsuite> <!-- DataDrivenLoginTests -->
