<?xml version="1.0" encoding="UTF-8"?>
<!-- Generated by org.testng.reporters.JUnitReportReporter -->
<testsuite hostname="Ayush" failures="0" tests="14" name="DataDrivenLoginTests" time="147.720" errors="0" timestamp="2025-11-03T12:28:12 IST" skipped="0">
  <testcase classname="DataDrivenLoginTests" name="testValidLoginWithDataProvider" time="6.172"/>
  <testcase classname="DataDrivenLoginTests" name="testInvalidLoginWithDataProvider" time="6.557"/>
  <testcase classname="DataDrivenLoginTests" name="testInvalidLoginWithDataProvider" time="15.777"/>
  <testcase classname="DataDrivenLoginTests" name="testInvalidLoginWithDataProvider" time="6.670"/>
  <testcase classname="DataDrivenLoginTests" name="testInvalidLoginWithDataProvider" time="6.319"/>
  <testcase classname="DataDrivenLoginTests" name="testInvalidLoginWithDataProvider" time="16.099"/>
  <testcase classname="DataDrivenLoginTests" name="testInvalidLoginWithDataProvider" time="15.974"/>
  <testcase classname="DataDrivenLoginTests" name="testLoginWithVariousScenarios" time="6.819"/>
  <testcase classname="DataDrivenLoginTests" name="testLoginWithVariousScenarios" time="7.889"/>
  <testcase classname="DataDrivenLoginTests" name="testLoginWithVariousScenarios" time="6.613"/>
  <testcase classname="DataDrivenLoginTests" name="testLoginWithVariousScenarios" time="6.732"/>
  <testcase classname="DataDrivenLoginTests" name="testLoginWithVariousScenarios" time="6.722"/>
  <testcase classname="DataDrivenLoginTests" name="testLoginWithCaseVariations" time="26.176"/>
  <testcase classname="DataDrivenLoginTests" name="testLoginWithSpecialCharacters" time="13.201"/>
</testsuite> <!-- DataDrivenLoginTests -->
