<?xml version="1.0" encoding="UTF-8"?>
<!-- Generated by org.testng.reporters.JUnitReportReporter -->
<testsuite hostname="Ayush" failures="0" tests="3" name="WindowAndDownloadTests" time="39.286" errors="0" timestamp="2025-11-03T12:37:22 IST" skipped="0">
  <testcase classname="WindowAndDownloadTests" name="testMultipleWindowHandling" time="12.252"/>
  <testcase classname="WindowAndDownloadTests" name="testFileDownload" time="20.100"/>
  <testcase classname="WindowAndDownloadTests" name="testTabSwitching" time="6.934"/>
</testsuite> <!-- WindowAndDownloadTests -->
